{"contracts/SpartanCouncil.sol":{"l":{"39":46,"40":46,"48":108,"49":99,"57":2,"58":1,"60":1,"76":6,"77":4,"79":2,"80":2,"82":2,"84":2,"94":57,"108":14,"110":12,"112":6,"113":6,"117":69,"118":65,"119":61,"121":57,"122":57,"123":57,"125":57,"134":6,"135":6,"137":4,"138":4,"140":4,"141":5,"142":4,"143":4,"147":4,"149":4,"150":1,"153":4,"160":2,"169":2,"170":1,"171":1,"181":4,"182":2,"183":2},"path":"/Users/andytcf/spartan-council/contracts/SpartanCouncil.sol","s":{"1":46,"2":46,"3":108,"4":2,"5":1,"6":1,"7":6,"8":4,"9":2,"10":2,"11":2,"12":2,"13":57,"14":14,"15":12,"16":6,"17":6,"18":69,"19":65,"20":61,"21":57,"22":57,"23":57,"24":57,"25":6,"26":6,"27":4,"28":5,"29":4,"30":4,"31":4,"32":4,"33":2,"34":2,"35":1,"36":1,"37":4,"38":2,"39":2},"b":{"1":[99,9],"2":[1,1],"3":[4,2],"4":[2,2],"5":[12,2],"6":[65,4],"7":[61,4],"8":[57,4],"9":[4,2],"10":[4,1],"11":[1,3],"12":[1,1],"13":[2,2]},"f":{"1":46,"2":108,"3":2,"4":6,"5":57,"6":14,"7":69,"8":6,"9":2,"10":2,"11":4},"fnMap":{"1":{"name":"constructor","line":38,"loc":{"start":{"line":38,"column":4},"end":{"line":41,"column":4}}},"2":{"name":"isValidAddress","line":47,"loc":{"start":{"line":47,"column":4},"end":{"line":50,"column":4}}},"3":{"name":"balanceOf","line":56,"loc":{"start":{"line":56,"column":4},"end":{"line":62,"column":4}}},"4":{"name":"transferFrom","line":75,"loc":{"start":{"line":71,"column":4},"end":{"line":85,"column":4}}},"5":{"name":"mint","line":93,"loc":{"start":{"line":93,"column":4},"end":{"line":95,"column":4}}},"6":{"name":"mintWithTokenURI","line":107,"loc":{"start":{"line":103,"column":4},"end":{"line":114,"column":4}}},"7":{"name":"_mint","line":116,"loc":{"start":{"line":116,"column":4},"end":{"line":126,"column":4}}},"8":{"name":"burn","line":133,"loc":{"start":{"line":133,"column":4},"end":{"line":154,"column":4}}},"9":{"name":"totalSupply","line":159,"loc":{"start":{"line":159,"column":4},"end":{"line":161,"column":4}}},"10":{"name":"tokenURI","line":168,"loc":{"start":{"line":168,"column":4},"end":{"line":172,"column":4}}},"11":{"name":"setTokenURI","line":180,"loc":{"start":{"line":180,"column":4},"end":{"line":184,"column":4}}}},"statementMap":{"1":{"start":{"line":39,"column":8},"end":{"line":39,"column":19}},"2":{"start":{"line":40,"column":8},"end":{"line":40,"column":23}},"3":{"start":{"line":48,"column":8},"end":{"line":48,"column":71}},"4":{"start":{"line":57,"column":8},"end":{"line":57,"column":2097}},"5":{"start":{"line":58,"column":12},"end":{"line":58,"column":20}},"6":{"start":{"line":60,"column":12},"end":{"line":60,"column":20}},"7":{"start":{"line":76,"column":8},"end":{"line":76,"column":79}},"8":{"start":{"line":77,"column":8},"end":{"line":77,"column":75}},"9":{"start":{"line":79,"column":8},"end":{"line":79,"column":27}},"10":{"start":{"line":80,"column":8},"end":{"line":80,"column":31}},"11":{"start":{"line":82,"column":8},"end":{"line":82,"column":28}},"12":{"start":{"line":84,"column":8},"end":{"line":84,"column":43}},"13":{"start":{"line":94,"column":8},"end":{"line":94,"column":25}},"14":{"start":{"line":108,"column":8},"end":{"line":108,"column":61}},"15":{"start":{"line":110,"column":8},"end":{"line":110,"column":25}},"16":{"start":{"line":112,"column":8},"end":{"line":112,"column":31}},"17":{"start":{"line":113,"column":8},"end":{"line":113,"column":38}},"18":{"start":{"line":117,"column":8},"end":{"line":117,"column":79}},"19":{"start":{"line":118,"column":8},"end":{"line":118,"column":78}},"20":{"start":{"line":119,"column":8},"end":{"line":119,"column":63}},"21":{"start":{"line":121,"column":8},"end":{"line":121,"column":27}},"22":{"start":{"line":122,"column":8},"end":{"line":122,"column":31}},"23":{"start":{"line":123,"column":8},"end":{"line":123,"column":28}},"24":{"start":{"line":125,"column":8},"end":{"line":125,"column":30}},"25":{"start":{"line":134,"column":8},"end":{"line":134,"column":48}},"26":{"start":{"line":135,"column":8},"end":{"line":135,"column":75}},"27":{"start":{"line":140,"column":8},"end":{"line":140,"column":4857}},"28":{"start":{"line":141,"column":12},"end":{"line":141,"column":4919}},"29":{"start":{"line":142,"column":16},"end":{"line":142,"column":52}},"30":{"start":{"line":147,"column":8},"end":{"line":147,"column":19}},"31":{"start":{"line":149,"column":8},"end":{"line":149,"column":5077}},"32":{"start":{"line":153,"column":8},"end":{"line":153,"column":26}},"33":{"start":{"line":160,"column":8},"end":{"line":160,"column":28}},"34":{"start":{"line":169,"column":8},"end":{"line":169,"column":78}},"35":{"start":{"line":170,"column":8},"end":{"line":170,"column":52}},"36":{"start":{"line":171,"column":8},"end":{"line":171,"column":24}},"37":{"start":{"line":181,"column":8},"end":{"line":181,"column":78}},"38":{"start":{"line":182,"column":8},"end":{"line":182,"column":31}},"39":{"start":{"line":183,"column":8},"end":{"line":183,"column":38}}},"branchMap":{"1":{"line":48,"type":"if","locations":[{"start":{"line":48,"column":8},"end":{"line":48,"column":8}},{"start":{"line":48,"column":8},"end":{"line":48,"column":8}}]},"2":{"line":57,"type":"if","locations":[{"start":{"line":57,"column":8},"end":{"line":57,"column":8}},{"start":{"line":57,"column":8},"end":{"line":57,"column":8}}]},"3":{"line":76,"type":"if","locations":[{"start":{"line":76,"column":8},"end":{"line":76,"column":8}},{"start":{"line":76,"column":8},"end":{"line":76,"column":8}}]},"4":{"line":77,"type":"if","locations":[{"start":{"line":77,"column":8},"end":{"line":77,"column":8}},{"start":{"line":77,"column":8},"end":{"line":77,"column":8}}]},"5":{"line":108,"type":"if","locations":[{"start":{"line":108,"column":8},"end":{"line":108,"column":8}},{"start":{"line":108,"column":8},"end":{"line":108,"column":8}}]},"6":{"line":117,"type":"if","locations":[{"start":{"line":117,"column":8},"end":{"line":117,"column":8}},{"start":{"line":117,"column":8},"end":{"line":117,"column":8}}]},"7":{"line":118,"type":"if","locations":[{"start":{"line":118,"column":8},"end":{"line":118,"column":8}},{"start":{"line":118,"column":8},"end":{"line":118,"column":8}}]},"8":{"line":119,"type":"if","locations":[{"start":{"line":119,"column":8},"end":{"line":119,"column":8}},{"start":{"line":119,"column":8},"end":{"line":119,"column":8}}]},"9":{"line":135,"type":"if","locations":[{"start":{"line":135,"column":8},"end":{"line":135,"column":8}},{"start":{"line":135,"column":8},"end":{"line":135,"column":8}}]},"10":{"line":141,"type":"if","locations":[{"start":{"line":141,"column":12},"end":{"line":141,"column":12}},{"start":{"line":141,"column":12},"end":{"line":141,"column":12}}]},"11":{"line":149,"type":"if","locations":[{"start":{"line":149,"column":8},"end":{"line":149,"column":8}},{"start":{"line":149,"column":8},"end":{"line":149,"column":8}}]},"12":{"line":169,"type":"if","locations":[{"start":{"line":169,"column":8},"end":{"line":169,"column":8}},{"start":{"line":169,"column":8},"end":{"line":169,"column":8}}]},"13":{"line":181,"type":"if","locations":[{"start":{"line":181,"column":8},"end":{"line":181,"column":8}},{"start":{"line":181,"column":8},"end":{"line":181,"column":8}}]}}}}