{"contracts/SpartanCouncil.sol":{"l":{"39":43,"40":43,"48":84,"49":77,"57":2,"58":1,"60":1,"76":6,"77":4,"79":2,"80":2,"82":2,"84":2,"94":52,"95":50,"97":48,"98":48,"99":48,"101":48,"115":11,"116":9,"117":7,"119":5,"120":5,"121":5,"123":5,"125":5,"126":5,"135":6,"136":6,"138":4,"139":4,"141":4,"142":5,"143":4,"144":4,"148":4,"150":4,"151":1,"154":4,"161":2,"170":2,"171":1,"172":1,"182":4,"183":2,"184":2},"path":"/Users/andytcf/spartan-council/contracts/SpartanCouncil.sol","s":{"1":43,"2":43,"3":84,"4":2,"5":1,"6":1,"7":6,"8":4,"9":2,"10":2,"11":2,"12":2,"13":52,"14":50,"15":48,"16":48,"17":48,"18":48,"19":11,"20":9,"21":7,"22":5,"23":5,"24":5,"25":5,"26":5,"27":5,"28":6,"29":6,"30":4,"31":5,"32":4,"33":4,"34":4,"35":4,"36":2,"37":2,"38":1,"39":1,"40":4,"41":2,"42":2},"b":{"1":[77,7],"2":[1,1],"3":[4,2],"4":[2,2],"5":[50,2],"6":[48,2],"7":[9,2],"8":[7,2],"9":[5,2],"10":[4,2],"11":[4,1],"12":[1,3],"13":[1,1],"14":[2,2]},"f":{"1":43,"2":84,"3":2,"4":6,"5":52,"6":11,"7":6,"8":2,"9":2,"10":4},"fnMap":{"1":{"name":"constructor","line":38,"loc":{"start":{"line":38,"column":4},"end":{"line":41,"column":4}}},"2":{"name":"isValidAddress","line":47,"loc":{"start":{"line":47,"column":4},"end":{"line":50,"column":4}}},"3":{"name":"balanceOf","line":56,"loc":{"start":{"line":56,"column":4},"end":{"line":62,"column":4}}},"4":{"name":"transfer","line":75,"loc":{"start":{"line":71,"column":4},"end":{"line":85,"column":4}}},"5":{"name":"mint","line":93,"loc":{"start":{"line":93,"column":4},"end":{"line":102,"column":4}}},"6":{"name":"mintWithTokenURI","line":114,"loc":{"start":{"line":110,"column":4},"end":{"line":127,"column":4}}},"7":{"name":"burn","line":134,"loc":{"start":{"line":134,"column":4},"end":{"line":155,"column":4}}},"8":{"name":"totalSupply","line":160,"loc":{"start":{"line":160,"column":4},"end":{"line":162,"column":4}}},"9":{"name":"tokenURI","line":169,"loc":{"start":{"line":169,"column":4},"end":{"line":173,"column":4}}},"10":{"name":"setTokenURI","line":181,"loc":{"start":{"line":181,"column":4},"end":{"line":185,"column":4}}}},"statementMap":{"1":{"start":{"line":39,"column":8},"end":{"line":39,"column":19}},"2":{"start":{"line":40,"column":8},"end":{"line":40,"column":23}},"3":{"start":{"line":48,"column":8},"end":{"line":48,"column":71}},"4":{"start":{"line":57,"column":8},"end":{"line":57,"column":2094}},"5":{"start":{"line":58,"column":12},"end":{"line":58,"column":20}},"6":{"start":{"line":60,"column":12},"end":{"line":60,"column":20}},"7":{"start":{"line":76,"column":8},"end":{"line":76,"column":79}},"8":{"start":{"line":77,"column":8},"end":{"line":77,"column":75}},"9":{"start":{"line":79,"column":8},"end":{"line":79,"column":27}},"10":{"start":{"line":80,"column":8},"end":{"line":80,"column":31}},"11":{"start":{"line":82,"column":8},"end":{"line":82,"column":28}},"12":{"start":{"line":84,"column":8},"end":{"line":84,"column":43}},"13":{"start":{"line":94,"column":8},"end":{"line":94,"column":63}},"14":{"start":{"line":95,"column":8},"end":{"line":95,"column":78}},"15":{"start":{"line":97,"column":8},"end":{"line":97,"column":27}},"16":{"start":{"line":98,"column":8},"end":{"line":98,"column":31}},"17":{"start":{"line":99,"column":8},"end":{"line":99,"column":28}},"18":{"start":{"line":101,"column":8},"end":{"line":101,"column":30}},"19":{"start":{"line":115,"column":8},"end":{"line":115,"column":63}},"20":{"start":{"line":116,"column":8},"end":{"line":116,"column":78}},"21":{"start":{"line":117,"column":8},"end":{"line":117,"column":61}},"22":{"start":{"line":119,"column":8},"end":{"line":119,"column":27}},"23":{"start":{"line":120,"column":8},"end":{"line":120,"column":31}},"24":{"start":{"line":121,"column":8},"end":{"line":121,"column":28}},"25":{"start":{"line":123,"column":8},"end":{"line":123,"column":31}},"26":{"start":{"line":125,"column":8},"end":{"line":125,"column":38}},"27":{"start":{"line":126,"column":8},"end":{"line":126,"column":30}},"28":{"start":{"line":135,"column":8},"end":{"line":135,"column":48}},"29":{"start":{"line":136,"column":8},"end":{"line":136,"column":75}},"30":{"start":{"line":141,"column":8},"end":{"line":141,"column":4901}},"31":{"start":{"line":142,"column":12},"end":{"line":142,"column":4963}},"32":{"start":{"line":143,"column":16},"end":{"line":143,"column":52}},"33":{"start":{"line":148,"column":8},"end":{"line":148,"column":19}},"34":{"start":{"line":150,"column":8},"end":{"line":150,"column":5121}},"35":{"start":{"line":154,"column":8},"end":{"line":154,"column":26}},"36":{"start":{"line":161,"column":8},"end":{"line":161,"column":28}},"37":{"start":{"line":170,"column":8},"end":{"line":170,"column":78}},"38":{"start":{"line":171,"column":8},"end":{"line":171,"column":52}},"39":{"start":{"line":172,"column":8},"end":{"line":172,"column":24}},"40":{"start":{"line":182,"column":8},"end":{"line":182,"column":78}},"41":{"start":{"line":183,"column":8},"end":{"line":183,"column":31}},"42":{"start":{"line":184,"column":8},"end":{"line":184,"column":38}}},"branchMap":{"1":{"line":48,"type":"if","locations":[{"start":{"line":48,"column":8},"end":{"line":48,"column":8}},{"start":{"line":48,"column":8},"end":{"line":48,"column":8}}]},"2":{"line":57,"type":"if","locations":[{"start":{"line":57,"column":8},"end":{"line":57,"column":8}},{"start":{"line":57,"column":8},"end":{"line":57,"column":8}}]},"3":{"line":76,"type":"if","locations":[{"start":{"line":76,"column":8},"end":{"line":76,"column":8}},{"start":{"line":76,"column":8},"end":{"line":76,"column":8}}]},"4":{"line":77,"type":"if","locations":[{"start":{"line":77,"column":8},"end":{"line":77,"column":8}},{"start":{"line":77,"column":8},"end":{"line":77,"column":8}}]},"5":{"line":94,"type":"if","locations":[{"start":{"line":94,"column":8},"end":{"line":94,"column":8}},{"start":{"line":94,"column":8},"end":{"line":94,"column":8}}]},"6":{"line":95,"type":"if","locations":[{"start":{"line":95,"column":8},"end":{"line":95,"column":8}},{"start":{"line":95,"column":8},"end":{"line":95,"column":8}}]},"7":{"line":115,"type":"if","locations":[{"start":{"line":115,"column":8},"end":{"line":115,"column":8}},{"start":{"line":115,"column":8},"end":{"line":115,"column":8}}]},"8":{"line":116,"type":"if","locations":[{"start":{"line":116,"column":8},"end":{"line":116,"column":8}},{"start":{"line":116,"column":8},"end":{"line":116,"column":8}}]},"9":{"line":117,"type":"if","locations":[{"start":{"line":117,"column":8},"end":{"line":117,"column":8}},{"start":{"line":117,"column":8},"end":{"line":117,"column":8}}]},"10":{"line":136,"type":"if","locations":[{"start":{"line":136,"column":8},"end":{"line":136,"column":8}},{"start":{"line":136,"column":8},"end":{"line":136,"column":8}}]},"11":{"line":142,"type":"if","locations":[{"start":{"line":142,"column":12},"end":{"line":142,"column":12}},{"start":{"line":142,"column":12},"end":{"line":142,"column":12}}]},"12":{"line":150,"type":"if","locations":[{"start":{"line":150,"column":8},"end":{"line":150,"column":8}},{"start":{"line":150,"column":8},"end":{"line":150,"column":8}}]},"13":{"line":170,"type":"if","locations":[{"start":{"line":170,"column":8},"end":{"line":170,"column":8}},{"start":{"line":170,"column":8},"end":{"line":170,"column":8}}]},"14":{"line":182,"type":"if","locations":[{"start":{"line":182,"column":8},"end":{"line":182,"column":8}},{"start":{"line":182,"column":8},"end":{"line":182,"column":8}}]}}}}